Send request to CSP to send data frame 1 to SP 3
Send request to CSP to send data frame 2 to SP 3
Receive approval from CSP to send data frame 1 to SP 3
Receive approval from CSP to send data frame 2 to SP 3
Send request to CSP to send data frame 1 to SP 3
Send request to CSP to send data frame 2 to SP 3
Receive approval from CSP to send data frame 1 to SP 3
Receive approval from CSP to send data frame 2 to SP 3
Send request to CSP to send data frame 5 to SP 2
Send request to CSP to send data frame 6 to SP 2
Receive approval from CSP to send data frame 5 to SP 2
Send request to CSP to send data frame 7 to SP 2
Receive approval from CSP to send data frame 6 to SP 2
Send request to CSP to send data frame 8 to SP 2
Receive data frame from SP 2
Send data frame 5 to SP 2
Receive approval from CSP to send data frame 7 to SP 2
Receive approval from CSP to send data frame 8 to SP 2
Receive data frame from SP 2
Send data frame 6 to SP 2
Receive data frame from SP 2
Send data frame 7 to SP 2
Receive data frame from SP 2
Send data frame 8 to SP 2
Send request to CSP to send data frame 1 to SP 3
Send request to CSP to send data frame 2 to SP 3
Receive approval from CSP to send data frame 1 to SP 3
Receive approval from CSP to send data frame 2 to SP 3
Send request to CSP to send data frame 1 to SP 3
Send request to CSP to send data frame 2 to SP 3
Receive approval from CSP to send data frame 1 to SP 3
Receive approval from CSP to send data frame 2 to SP 3
Send request to CSP to send data frame 1 to SP 3
Send request to CSP to send data frame 2 to SP 3
Receive approval from CSP to send data frame 1 to SP 3
Receive approval from CSP to send data frame 2 to SP 3
Send request to CSP to send data frame 1 to SP 3
Send request to CSP to send data frame 2 to SP 3
Receive approval from CSP to send data frame 1 to SP 3
Receive approval from CSP to send data frame 2 to SP 3
Send request to CSP to send data frame 1 to SP 3
Send request to CSP to send data frame 2 to SP 3
Receive approval from CSP to send data frame 1 to SP 3
Receive approval from CSP to send data frame 2 to SP 3
Send request to CSP to send data frame 5 to SP 2
Send request to CSP to send data frame 6 to SP 2
Receive approval from CSP to send data frame 5 to SP 2
Send request to CSP to send data frame 7 to SP 2
Send request to CSP to send data frame 8 to SP 2
Receive approval from CSP to send data frame 6 to SP 2
Receive approval from CSP to send data frame 7 to SP 2
Receive data frame from SP 2
Send data frame 5 to SP 2
Receive approval from CSP to send data frame 8 to SP 2
Receive data frame from SP 2
Send data frame 6 to SP 2
Receive data frame from SP 2
Send data frame 7 to SP 2
Receive data frame from SP 2
Send data frame 8 to SP 2
Send request to CSP to send data frame 1 to SP 3
Send request to CSP to send data frame 2 to SP 3
Receive approval from CSP to send data frame 1 to SP 3
Receive approval from CSP to send data frame 2 to SP 3
Send request to CSP to send data frame 5 to SP 2
Send request to CSP to send data frame 6 to SP 2
Receive approval from CSP to send data frame 5 to SP 2
Send request to CSP to send data frame 7 to SP 2
Receive approval from CSP to send data frame 6 to SP 2
Send request to CSP to send data frame 8 to SP 2
Receive data frame from SP 2
Send data frame 5 to SP 2
Receive approval from CSP to send data frame 7 to SP 2
Receive approval from CSP to send data frame 8 to SP 2
Receive data frame from SP 2
Send data frame 6 to SP 2
Receive data frame from SP 2
Send data frame 7 to SP 2
Receive data frame from SP 2
Send data frame 8 to SP 2
Send request to CSP to send data frame 1 to SP 3
Send request to CSP to send data frame 2 to SP 3
Received approval from CSP to send data frame with sequence number 1 to SP 3
Received approval from CSP to send data frame with sequence number 2 to SP 3
Send request to CSP to send data frame 5 to SP 2
Send request to CSP to send data frame 6 to SP 2
Send request to CSP to send data frame 7 to SP 2
Send request to CSP to send data frame 8 to SP 2
Received approval from CSP to send data frame with sequence number 5 to SP 2
Received approval from CSP to send data frame with sequence number 6 to SP 2
Received approval from CSP to send data frame with sequence number 7 to SP 2
Received approval from CSP to send data frame with sequence number 8 to SP 2
Received data frame from SP 2
Send data frame with sequence number 5 to SP 2
Received data frame from SP 2
Send data frame with sequence number 6 to SP 2
Received data frame from SP 2
Send data frame with sequence number 7 to SP 2
Received data frame from SP 2
Send data frame with sequence number 8 to SP 2
Send request to CSP to send data frame 1 to SP 3
Send request to CSP to send data frame 2 to SP 3
Received approval from CSP to send data frame with sequence number 1 to SP 3
Received approval from CSP to send data frame with sequence number 2 to SP 3
Send request to CSP to send data frame 1 to SP 3
Send request to CSP to send data frame 2 to SP 3
Send request to CSP to send data frame 5 to SP 2
Send request to CSP to send data frame 6 to SP 2
Send request to CSP to send data frame 7 to SP 2
Send request to CSP to send data frame 8 to SP 2
Send request to CSP to send data frame 1 to SP 3
Send request to CSP to send data frame 2 to SP 3
Send request to CSP to send data frame 1 to SP 3
Send request to CSP to send data frame 2 to SP 3
Send request to CSP to send data frame 5 to SP 2
Send request to CSP to send data frame 6 to SP 2
Send request to CSP to send data frame 7 to SP 2
Send request to CSP to send data frame 8 to SP 2
Send request to CSP to send data frame 7 to SP 3
Send request to CSP to send data frame 9 to SP 4
Send request to CSP to send data frame 10 to SP 4
Send request to CSP to send data frame 26 to SP 4
Send request to CSP to send data frame 7 to SP 3
Send request to CSP to send data frame 9 to SP 4
Send request to CSP to send data frame 10 to SP 4
Send request to CSP to send data frame 26 to SP 4
Send request to CSP to send data frame 5 to SP 2
Send request to CSP to send data frame 6 to SP 2
Send request to CSP to send data frame 7 to SP 2
Send request to CSP to send data frame 8 to SP 2
Send request to CSP to send data frame 1 to SP 3
Send request to CSP to send data frame 2 to SP 3
Send request to CSP to send data frame 1 to SP 3
Send request to CSP to send data frame 2 to SP 3
Receive approval from CSP to send data sequence number 1 to SP 3
Receive approval from CSP to send data sequence number 2 to SP 3
Send request to CSP to send data frame 1 to SP 3
Send request to CSP to send data frame 2 to SP 3
Send request to CSP to send data frame 1 to SP 3
Send request to CSP to send data frame 2 to SP 3
Receive approval from CSP to send data sequence number 1 to SP 3
Receive approval from CSP to send data sequence number 2 to SP 3
Send request to CSP to send data frame 1 to SP 3
Send request to CSP to send data frame 2 to SP 3
Received approval from CSP to send data frame with sequence number 1 to SP 3
Received approval from CSP to send data frame with sequence number 2 to SP 3
Send request to CSP to send data frame 5 to SP 2
Send request to CSP to send data frame 6 to SP 2
Send request to CSP to send data frame 7 to SP 2
Send request to CSP to send data frame 8 to SP 2
Received approval from CSP to send data frame with sequence number 5 to SP 2
Received approval from CSP to send data frame with sequence number 6 to SP 2
Received approval from CSP to send data frame with sequence number 7 to SP 2
Received approval from CSP to send data frame with sequence number 8 to SP 2
Received data frame from SP 2
Send data frame with sequence number 5 to SP 2
Received data frame from SP 2
Send data frame with sequence number 6 to SP 2
Received data frame from SP 2
Send data frame with sequence number 7 to SP 2
Received data frame from SP 2
Send data frame with sequence number 8 to SP 2
Send request to CSP to send data frame 7 to SP 3
Send request to CSP to send data frame 9 to SP 4
Received data frame from SP 1
Send request to CSP to send data frame 10 to SP 4
Send request to CSP to send data frame 26 to SP 4
Received data frame from SP 1
Received approval from CSP to send data frame with sequence number 7 to SP 3
Received approval from CSP to send data frame with sequence number 9 to SP 4
Received approval from CSP to send data frame with sequence number 10 to SP 4
Received approval from CSP to send data frame with sequence number 26 to SP 4
Send data frame with sequence number 1 to SP 3
Received data frame from SP 3
Send data frame with sequence number 7 to SP 3
Send data frame with sequence number 2 to SP 3
Send request to CSP to send data frame 1 to SP 3
Send request to CSP to send data frame 2 to SP 3
Received approval from CSP to send data frame with sequence number 1 to SP 3
Received approval from CSP to send data frame with sequence number 2 to SP 3
Send request to CSP to send data frame 5 to SP 2
Send request to CSP to send data frame 6 to SP 2
Send request to CSP to send data frame 7 to SP 2
Received approval from CSP to send data frame with sequence number 5 to SP 2
Send request to CSP to send data frame 8 to SP 2
Received approval from CSP to send data frame with sequence number 6 to SP 2
Received approval from CSP to send data frame with sequence number 7 to SP 2
Received approval from CSP to send data frame with sequence number 8 to SP 2
Received data frame from SP 2
Send data frame with sequence number 5 to SP 2
Received data frame from SP 2
Send data frame with sequence number 6 to SP 2
Received data frame from SP 2
Send data frame with sequence number 7 to SP 2
Received data frame from SP 2
Send data frame with sequence number 8 to SP 2
Send request to CSP to send data frame 7 to SP 3
Send request to CSP to send data frame 9 to SP 4
Received data frame from SP 1
Send request to CSP to send data frame 10 to SP 4
Send request to CSP to send data frame 26 to SP 4
Send data frame with sequence number 1 to SP 3
Received data frame from SP 1
Received approval from CSP to send data frame with sequence number 7 to SP 3
Received approval from CSP to send data frame with sequence number 9 to SP 4
Received approval from CSP to send data frame with sequence number 10 to SP 4
Received approval from CSP to send data frame with sequence number 26 to SP 4
Received data frame from SP 3
Send data frame with sequence number 7 to SP 3
Send data frame with sequence number 2 to SP 3
Send request to CSP to send data frame 1 to SP 3
Send request to CSP to send data frame 2 to SP 3
Received data frame from SP 3
Received data frame from SP 3
Send data frame with sequence number 10 to SP 4
Send data frame with sequence number 9 to SP 4
Send data frame with sequence number 26 to SP 4
Received data frame from SP 3
Received approval from CSP to send data frame with sequence number 1 to SP 3
Received approval from CSP to send data frame with sequence number 2 to SP 3
Received data frame from SP 1
Send data frame with sequence number 1 to SP 3
Received data frame from SP 1
Send data frame with sequence number 2 to SP 3
Send request to CSP to send data frame 7 to SP 3
Send request to CSP to send data frame 9 to SP 4
Received approval from CSP to send data frame with sequence number 7 to SP 3
Send request to CSP to send data frame 10 to SP 4
Send request to CSP to send data frame 26 to SP 4
Received approval from CSP to send data frame with sequence number 9 to SP 4
Received approval from CSP to send data frame with sequence number 10 to SP 4
Received approval from CSP to send data frame with sequence number 26 to SP 4
Received data frame from SP 3
Received data frame from SP 3
Send data frame with sequence number 7 to SP 3
Send data frame with sequence number 9 to SP 4
Send data frame with sequence number 10 to SP 4
Received data frame from SP 3
Received data frame from SP 3
Send data frame with sequence number 26 to SP 4
Send request to CSP to send data frame 5 to SP 2
Send request to CSP to send data frame 6 to SP 2
Received approval from CSP to send data frame with sequence number 5 to SP 2
Received data frame from SP 2
Send request to CSP to send data frame 7 to SP 2
Received approval from CSP to send data frame with sequence number 6 to SP 2
Send request to CSP to send data frame 8 to SP 2
Send data frame with sequence number 5 to SP 2
Received approval from CSP to send data frame with sequence number 7 to SP 2
Received data frame from SP 2
Send data frame with sequence number 6 to SP 2
Received data frame from SP 2
Received approval from CSP to send data frame with sequence number 8 to SP 2
Send data frame with sequence number 7 to SP 2
Received data frame from SP 2
Send data frame with sequence number 8 to SP 2
Send request to CSP to send data frame 1 to SP 3
Send request to CSP to send data frame 2 to SP 3
Received approval from CSP to send data frame with sequence number 1 to SP 3
Received data frame from SP 1
Send data frame with sequence number 1 to SP 3
Received approval from CSP to send data frame with sequence number 2 to SP 3
Received data frame from SP 1
Send data frame with sequence number 2 to SP 3
Send request to CSP to send data frame 5 to SP 2
Send request to CSP to send data frame 6 to SP 2
Received approval from CSP to send data frame with sequence number 5 to SP 2
Received data frame from SP 2
Send data frame with sequence number 5 to SP 2
Received approval from CSP to send data frame with sequence number 6 to SP 2
Send request to CSP to send data frame 7 to SP 2
Send request to CSP to send data frame 8 to SP 2
Received data frame from SP 2
Send data frame with sequence number 6 to SP 2
Received approval from CSP to send data frame with sequence number 7 to SP 2
Received data frame from SP 2
Send data frame with sequence number 7 to SP 2
Received approval from CSP to send data frame with sequence number 8 to SP 2
Received data frame from SP 2
Send data frame with sequence number 8 to SP 2
Send request to CSP to send data frame 7 to SP 3
Send request to CSP to send data frame 9 to SP 4
Received approval from CSP to send data frame with sequence number 7 to SP 3
Received approval from CSP to send data frame with sequence number 9 to SP 4
Received data frame from SP 3
Send request to CSP to send data frame 10 to SP 4
Send request to CSP to send data frame 26 to SP 4
Send data frame with sequence number 7 to SP 3
Received data frame from SP 3
Send data frame with sequence number 9 to SP 4
Received approval from CSP to send data frame with sequence number 10 to SP 4
Received data frame from SP 3
Send data frame with sequence number 10 to SP 4
Received approval from CSP to send data frame with sequence number 26 to SP 4
Received data frame from SP 3
Send data frame with sequence number 26 to SP 4
Send request to CSP to send data frame 1 to SP 3
Send request to CSP to send data frame 2 to SP 3
Received approval from CSP to send data frame with sequence number 1 to SP 3
Received approval from CSP to send data frame with sequence number 2 to SP 3
Received data frame from SP 1
Send data frame with sequence number 1 to SP 3
Send data frame with sequence number 2 to SP 3
Received data frame from SP 1
Send request to CSP to send data frame 1 to SP 3
Send request to CSP to send data frame 2 to SP 3
Received approval from CSP to send data frame with sequence number 1 to SP 3
Received approval from CSP to send data frame with sequence number 2 to SP 3
Send request to CSP to send data frame 1 to SP 3
Send request to CSP to send data frame 2 to SP 3
Received approval from CSP to send data frame with sequence number 1 to SP 3
Received approval from CSP to send data frame with sequence number 2 to SP 3
Send request to CSP to send data frame 1 to SP 3
Send request to CSP to send data frame 2 to SP 3
Received approval from CSP to send data frame with sequence number 1 to SP 3
Received approval from CSP to send data frame with sequence number 2 to SP 3
Send request to CSP to send data frame 5 to SP 2
Send request to CSP to send data frame 6 to SP 2
Received approval from CSP to send data frame with sequence number 5 to SP 2
Send request to CSP to send data frame 7 to SP 2
Received approval from CSP to send data frame with sequence number 6 to SP 2
Send request to CSP to send data frame 8 to SP 2
Received data frame from SP 2
Send data frame with sequence number 5 to SP 2
Received approval from CSP to send data frame with sequence number 7 to SP 2
Received approval from CSP to send data frame with sequence number 8 to SP 2
Received data frame from SP 2
Send data frame with sequence number 6 to SP 2
Received data frame from SP 2
Send data frame with sequence number 7 to SP 2
Received data frame from SP 2
Send data frame with sequence number 8 to SP 2
Send request to CSP to send data frame 7 to SP 3
Send request to CSP to send data frame 9 to SP 4
Send request to CSP to send data frame 10 to SP 4
Received data frame from SP 1
Send request to CSP to send data frame 26 to SP 4
Received data frame from SP 1
Received approval from CSP to send data frame with sequence number 7 to SP 3
Received approval from CSP to send data frame with sequence number 9 to SP 4
Received approval from CSP to send data frame with sequence number 10 to SP 4
Send data frame with sequence number 1 to SP 3
Received approval from CSP to send data frame with sequence number 26 to SP 4
Received data frame from SP 3
Send data frame with sequence number 7 to SP 3
Send data frame with sequence number 2 to SP 3
Send request to CSP to send data frame 1 to SP 3
Send request to CSP to send data frame 2 to SP 3
Received data frame from SP 3
Received data frame from SP 3
Received data frame from SP 3
Received approval from CSP to send data frame with sequence number 1 to SP 3
Send data frame with sequence number 10 to SP 4
Received approval from CSP to send data frame with sequence number 2 to SP 3
Send data frame with sequence number 9 to SP 4
Send data frame with sequence number 26 to SP 4
Send data frame with sequence number 1 to SP 3
Received data frame from SP 1
Received data frame from SP 1
Send data frame with sequence number 2 to SP 3
Send request to CSP to send data frame 5 to SP 2
Send request to CSP to send data frame 6 to SP 2
Send request to CSP to send data frame 7 to SP 2
Received approval from CSP to send data frame with sequence number 5 to SP 2
Send request to CSP to send data frame 8 to SP 2
Received approval from CSP to send data frame with sequence number 6 to SP 2
Received approval from CSP to send data frame with sequence number 7 to SP 2
Received data frame from SP 2
Received approval from CSP to send data frame with sequence number 8 to SP 2
Send data frame with sequence number 5 to SP 2
Received data frame from SP 2
Send data frame with sequence number 6 to SP 2
Received data frame from SP 2
Send data frame with sequence number 7 to SP 2
Received data frame from SP 2
Send data frame with sequence number 8 to SP 2
Send request to CSP to send data frame 7 to SP 3
Send request to CSP to send data frame 9 to SP 4
Send request to CSP to send data frame 10 to SP 4
Send request to CSP to send data frame 26 to SP 4
Received approval from CSP to send data frame with sequence number 7 to SP 3
Received approval from CSP to send data frame with sequence number 9 to SP 4
Received approval from CSP to send data frame with sequence number 10 to SP 4
Received approval from CSP to send data frame with sequence number 26 to SP 4
Received data frame from SP 3
Send data frame with sequence number 7 to SP 3
Received data frame from SP 3
Received data frame from SP 3
Send data frame with sequence number 9 to SP 4
Send data frame with sequence number 10 to SP 4
Send data frame with sequence number 26 to SP 4
Received data frame from SP 3
Send request to CSP to send data frame 1 to SP 3
Send request to CSP to send data frame 2 to SP 3
Received approval from CSP to send data frame with sequence number 1 to SP 3
Received approval from CSP to send data frame with sequence number 2 to SP 3
Send request to CSP to send data frame 5 to SP 2
Send request to CSP to send data frame 6 to SP 2
Received approval from CSP to send data frame with sequence number 5 to SP 2
Send request to CSP to send data frame 7 to SP 2
Received approval from CSP to send data frame with sequence number 6 to SP 2
Send request to CSP to send data frame 8 to SP 2
Received data frame from SP 2
Send data frame with sequence number 5 to SP 2
Received approval from CSP to send data frame with sequence number 7 to SP 2
Received approval from CSP to send data frame with sequence number 8 to SP 2
Received data frame from SP 2
Send data frame with sequence number 6 to SP 2
Received data frame from SP 2
Send data frame with sequence number 7 to SP 2
Received data frame from SP 2
Send data frame with sequence number 8 to SP 2
Send request to CSP to send data frame 7 to SP 3
Send request to CSP to send data frame 9 to SP 4
Received data frame from SP 1
Send data frame with sequence number 1 to SP 3
Send request to CSP to send data frame 10 to SP 4
Received data frame from SP 1
Received approval from CSP to send data frame with sequence number 7 to SP 3
Send request to CSP to send data frame 26 to SP 4
Received approval from CSP to send data frame with sequence number 9 to SP 4
Received approval from CSP to send data frame with sequence number 10 to SP 4
Received approval from CSP to send data frame with sequence number 26 to SP 4
Received data frame from SP 3
Send data frame with sequence number 7 to SP 3
Send data frame with sequence number 2 to SP 3
Send request to CSP to send data frame 1 to SP 3
Send request to CSP to send data frame 2 to SP 3
Received approval from CSP to send data frame with sequence number 1 to SP 3
Received data frame from SP 0
Send request to CSP to send data frame 5 to SP 2
Send request to CSP to send data frame 6 to SP 2
Received approval from CSP to send data frame with sequence number 5 to SP 2
Send request to CSP to send data frame 7 to SP 2
Received data frame from SP 0
Send request to CSP to send data frame 8 to SP 2
Received data frame from SP 2
Received data frame from SP 0
Send data frame with sequence number 5 to SP 2
Received data frame from SP 0
Send request to CSP to send data frame 7 to SP 3
Send request to CSP to send data frame 9 to SP 4
Received approval from CSP to send data frame with sequence number 7 to SP 3
Send request to CSP to send data frame 10 to SP 4
Received data frame from SP 0
Send request to CSP to send data frame 26 to SP 4
Received data frame from SP 3
Received data frame from SP 0
Send data frame with sequence number 7 to SP 3
Received data frame from SP 0
Send request to CSP to send data frame 1 to SP 3
Send request to CSP to send data frame 2 to SP 2
Received approval from CSP to send data frame with sequence number 1 to SP 3
Received data frame from SP 0
Send request to CSP to send data frame 5 to SP 1
Send request to CSP to send data frame 6 to SP 1
Received approval from CSP to send data frame with sequence number 5 to SP 1
Send request to CSP to send data frame 7 to SP 3
Received data frame from SP 0
Send request to CSP to send data frame 8 to SP 4
Received data frame from SP 2
Received data frame from SP 0
Send data frame with sequence number 5 to SP 1
Received data frame from SP 0
Send request to CSP to send data frame 1 to SP 1
Send request to CSP to send data frame 8 to SP 4
Send request to CSP to send data frame 5 to SP 5
Send request to CSP to send data frame 16 to SP 7
Received approval from CSP to send data frame with sequence number 1 to SP 1
Received data frame from SP 0
Send a request to CSP to send data frame with sequence number 5 to SP # 1
Send a request to CSP to send data frame with sequence number 6 to SP # 1
Send a request to CSP to send data frame with sequence number 7 to SP # 3
Send a request to CSP to send data frame with sequence number 8 to SP # 4
Received approval from CSP to send data frame with sequence number 5 to SP # 1
Received data frame from SP 0
Send a request to CSP to send data frame with sequence number 1 to SP # 3
Send a request to CSP to send data frame with sequence number 2 to SP # 2
Received approval from CSP to send data frame with sequence number 1 to SP # 3
Send a request to CSP to send data frame with sequence number 4 to SP # 5
Received data frame from SP 0
Send a request to CSP to send data frame with sequence number 5 to SP # 1
Send a request to CSP to send data frame with sequence number 6 to SP # 1
Received approval from CSP to send data frame with sequence number 5 to SP # 1
Send a request to CSP to send data frame with sequence number 7 to SP # 3
Received data frame from SP 0
Send a request to CSP to send data frame with sequence number 8 to SP # 4
Received data frame from SP 2
Received data frame from SP 0
Send data frame with sequence number 5 to SP # 1
Received data frame from SP 0
Send a request to CSP to send data frame with sequence number 1 to SP # 1
Send data frame with sequence number 1 to SP # 3
Received data frame from SP 0
Send a request to CSP to send data frame with sequence number 8 to SP # 4
Received data frame from SP 1
Send a request to CSP to send data frame with sequence number 5 to SP # 5
Received data frame from SP 0
Send a request to CSP to send data frame with sequence number 16 to SP # 7
Received data frame from SP 0
Received data frame from SP 0
Received approval from CSP to send data frame with sequence number 16 to SP # 7
Received data frame from SP 0
Send a request to CSP to send data frame with sequence number 1 to SP # 3
Send a request to CSP to send data frame with sequence number 2 to SP # 2
Send a request to CSP to send data frame with sequence number 4 to SP # 5
Send a request to CSP to send data frame with sequence number 1 to SP # 3
Send a request to CSP to send data frame with sequence number 2 to SP # 2
Send a request to CSP to send data frame with sequence number 4 to SP # 5
Send a request to CSP to send data frame with sequence number 1 to SP # 3
Send a request to CSP to send data frame with sequence number 2 to SP # 2
Received approval from CSP to send data frame with sequence number 1 to SP # 3
Send a request to CSP to send data frame with sequence number 4 to SP # 5
Received data frame from SP 0
Send a request to CSP to send data frame with sequence number 1 to SP # 3
Send a request to CSP to send data frame with sequence number 2 to SP # 2
Send a request to CSP to send data frame with sequence number 4 to SP # 5
Received approval from CSP to send data frame with sequence number 1 to SP # 3
Received data frame from SP 0
Received approval from CSP to send data frame with sequence number 4 to SP # 5
Received data frame from SP 0
Send a request to CSP to send data frame with sequence number 1 to SP # 3
Send a request to CSP to send data frame with sequence number 2 to SP # 2
Send a request to CSP to send data frame with sequence number 4 to SP # 5
Received approval from CSP to send data frame with sequence number 1 to SP # 3
Received data frame from SP 0
Send a request to CSP to send data frame with sequence number 1 to SP # 3
Send a request to CSP to send data frame with sequence number 2 to SP # 2
Send a request to CSP to send data frame with sequence number 4 to SP # 5
Received approval from CSP to send data frame with sequence number 1 to SP # 3
Received data frame from SP 0
Send a request to CSP to send data frame with sequence number 1 to SP # 3
Send a request to CSP to send data frame with sequence number 2 to SP # 2
Send a request to CSP to send data frame with sequence number 4 to SP # 5
Received approval from CSP to send data frame with sequence number 1 to SP # 3
Received data frame from SP 0
Send a request to CSP to send data frame with sequence number 1 to SP # 3
Send a request to CSP to send data frame with sequence number 2 to SP # 2
Send a request to CSP to send data frame with sequence number 4 to SP # 5
Received approval from CSP to send data frame with sequence number 1 to SP # 3
Received data frame from SP 0
Send a request to CSP to send data frame with sequence number 1 to SP # 3
Send a request to CSP to send data frame with sequence number 2 to SP # 2
Send a request to CSP to send data frame with sequence number 4 to SP # 5
Received approval from CSP to send data frame with sequence number 1 to SP # 3
Received data frame from SP 0
Received approval from CSP to send data frame with sequence number 4 to SP # 5
Received data frame from SP 0
Send a request to CSP to send data frame with sequence number 1 to SP # 3
Send a request to CSP to send data frame with sequence number 2 to SP # 2
Send a request to CSP to send data frame with sequence number 4 to SP # 5
Received approval from CSP to send data frame with sequence number 1 to SP # 3
Received data frame from SP 0
Send a request to CSP to send data frame with sequence number 3 to SP # 3
Send a request to CSP to send data frame with sequence number 4 to SP # 6
Received approval from CSP to send data frame with sequence number 3 to SP # 3
Received data frame from SP 0
Send a request to CSP to send data frame with sequence number 1 to SP # 3
Send a request to CSP to send data frame with sequence number 2 to SP # 4
Send a request to CSP to send data frame with sequence number 1 to SP # 7
Received approval from CSP to send data frame with sequence number 1 to SP # 3
Received data frame from SP 0
Received approval from CSP to send data frame with sequence number 1 to SP # 7
Received data frame from SP 0
Send a request to CSP to send data frame with sequence number 1 to SP # 3
Send a request to CSP to send data frame with sequence number 4 to SP # 6
Received approval from CSP to send data frame with sequence number 1 to SP # 3
Received data frame from SP 0
Send a request to CSP to send data frame with sequence number 1 to SP # 1
Send a request to CSP to send data frame with sequence number 4 to SP # 6
Received approval from CSP to send data frame with sequence number 1 to SP # 1
Send a request to CSP to send data frame with sequence number 1 to SP # 7
Received data frame from SP 0
Send a request to CSP to send data frame with sequence number 2 to SP # 4
Received data frame from SP 0
Received data frame from SP 0
Send a request to CSP to send data frame with sequence number 1 to SP # 3
Send a request to CSP to send data frame with sequence number 2 to SP # 2
Received approval from CSP to send data frame with sequence number 1 to SP # 3
Send a request to CSP to send data frame with sequence number 4 to SP # 5
Received data frame from SP 0
